"Deploying ASA: minimumASA":
    txID: MHFZS4RPNVLGLEQQFCQUA3M26KW3QS4L2IEJ7OQ2G5RFGPHU2H5Q
    asset-index: 2
    confirmed-round: 741
    pool-error: ""
    sender-rewards: 18000000000
    txn:
        sig:
            - 144
            - 40
            - 132
            - 52
            - 104
            - 218
            - 191
            - 226
            - 12
            - 201
            - 0
            - 25
            - 193
            - 134
            - 164
            - 9
            - 246
            - 156
            - 67
            - 217
            - 32
            - 250
            - 133
            - 155
            - 147
            - 98
            - 208
            - 0
            - 116
            - 104
            - 98
            - 130
            - 251
            - 166
            - 166
            - 74
            - 9
            - 107
            - 176
            - 178
            - 97
            - 247
            - 6
            - 237
            - 20
            - 219
            - 113
            - 245
            - 70
            - 200
            - 27
            - 46
            - 234
            - 29
            - 178
            - 174
            - 48
            - 229
            - 250
            - 253
            - 195
            - 209
            - 12
            - 10
        txn:
            apar:
                an: minimumASA
                t: 1
                un: unitName
            fee: 230000
            fv: 739
            gen: sandnet-v1
            gh:
                - 123
                - 247
                - 162
                - 109
                - 183
                - 127
                - 95
                - 177
                - 68
                - 57
                - 182
                - 38
                - 101
                - 196
                - 181
                - 37
                - 143
                - 48
                - 89
                - 39
                - 49
                - 156
                - 249
                - 219
                - 194
                - 49
                - 218
                - 62
                - 93
                - 23
                - 107
                - 80
            lv: 1739
            snd:
                - 108
                - 53
                - 21
                - 7
                - 205
                - 245
                - 156
                - 239
                - 25
                - 101
                - 235
                - 222
                - 98
                - 89
                - 187
                - 37
                - 122
                - 166
                - 49
                - 184
                - 147
                - 70
                - 145
                - 131
                - 209
                - 1
                - 49
                - 206
                - 150
                - 165
                - 53
                - 217
            type: acfg
